<?xml version="1.0" encoding="UTF-8"?>
<!-- Generated by org.testng.reporters.JUnitXMLReporter -->
<testsuite ignored="0" hostname="DESKTOP-DHLKNK6" failures="1" tests="2" name="Test" time="17.638" errors="0" timestamp="2022-12-08T17:07:24 IST">
  <testcase classname="TestCases.LoginTestCase" name="Login" time="0.767">
    <failure type="java.lang.AssertionError" message="The following asserts failed:
	expected [Please check your username  password. If you still can&amp;apos;t log in, contact your Salesforce administrator.] but found [Please check your username and password. If you still can&amp;apos;t log in, contact your Salesforce administrator.]">
      <![CDATA[java.lang.AssertionError: The following asserts failed:
expected [Please check your username  password. If you still can't log in, contact your Salesforce administrator.] but found [Please check your username and password. If you still can't log in, contact your Salesforce administrator.]
at Resources.commonMethods.handleAssertion(commonMethods.java:24)
at TestCases.LoginTestCase.Login(LoginTestCase.java:25)
at java.base/java.util.ArrayList.forEach(ArrayList.java:1511)
... Removed 29 stack frames]]>
    </failure>
  </testcase> <!-- Login -->
  <testcase classname="TestCases.signupTestCase" name="verifySignup" time="10.403"/>
</testsuite> <!-- Test -->
